{
  "F:\\Documents\\GitHub\\Key-UI\\src\\Button\\button.tsx": {
    "path": "F:\\Documents\\GitHub\\Key-UI\\src\\Button\\button.tsx",
    "statementMap": {
      "0": {
        "start": { "line": 1, "column": 0 },
        "end": { "line": 1, "column": 36 }
      },
      "1": {
        "start": { "line": 2, "column": 0 },
        "end": { "line": 2, "column": 75 }
      },
      "2": {
        "start": { "line": 3, "column": 0 },
        "end": { "line": 3, "column": 23 }
      },
      "3": {
        "start": { "line": 26, "column": 38 },
        "end": { "line": 71, "column": 1 }
      },
      "4": {
        "start": { "line": 35, "column": 9 },
        "end": { "line": 35, "column": null }
      },
      "5": {
        "start": { "line": 36, "column": 14 },
        "end": { "line": 37, "column": 3 }
      },
      "6": {
        "start": { "line": 39, "column": 18 },
        "end": { "line": 44, "column": 4 }
      },
      "7": {
        "start": { "line": 46, "column": 2 },
        "end": { "line": 58, "column": 3 }
      },
      "8": {
        "start": { "line": 47, "column": 4 },
        "end": { "line": 57, "column": 6 }
      },
      "9": {
        "start": { "line": 59, "column": 2 },
        "end": { "line": 70, "column": 4 }
      },
      "10": {
        "start": { "line": 73, "column": 0 },
        "end": { "line": 73, "column": 22 }
      }
    },
    "fnMap": {
      "0": {
        "name": "(anonymous_2)",
        "decl": {
          "start": { "line": 26, "column": 38 },
          "end": { "line": 26, "column": 39 }
        },
        "loc": {
          "start": { "line": 37, "column": 5 },
          "end": { "line": 71, "column": 1 }
        }
      }
    },
    "branchMap": {
      "0": {
        "loc": {
          "start": { "line": 29, "column": 2 },
          "end": { "line": 29, "column": 18 }
        },
        "type": "default-arg",
        "locations": [
          {
            "start": { "line": 29, "column": 13 },
            "end": { "line": 29, "column": 18 }
          }
        ]
      },
      "1": {
        "loc": {
          "start": { "line": 30, "column": 2 },
          "end": { "line": 30, "column": 17 }
        },
        "type": "default-arg",
        "locations": [
          {
            "start": { "line": 30, "column": 9 },
            "end": { "line": 30, "column": 17 }
          }
        ]
      },
      "2": {
        "loc": {
          "start": { "line": 31, "column": 2 },
          "end": { "line": 31, "column": 18 }
        },
        "type": "default-arg",
        "locations": [
          {
            "start": { "line": 31, "column": 9 },
            "end": { "line": 31, "column": 18 }
          }
        ]
      },
      "3": {
        "loc": {
          "start": { "line": 42, "column": 14 },
          "end": { "line": 42, "column": 41 }
        },
        "type": "binary-expr",
        "locations": [
          {
            "start": { "line": 42, "column": 14 },
            "end": { "line": 42, "column": 29 }
          },
          {
            "start": { "line": 42, "column": 33 },
            "end": { "line": 42, "column": 41 }
          }
        ]
      },
      "4": {
        "loc": {
          "start": { "line": 43, "column": 12 },
          "end": { "line": 43, "column": 37 }
        },
        "type": "binary-expr",
        "locations": [
          {
            "start": { "line": 43, "column": 12 },
            "end": { "line": 43, "column": 27 }
          },
          {
            "start": { "line": 43, "column": 31 },
            "end": { "line": 43, "column": 37 }
          }
        ]
      },
      "5": {
        "loc": {
          "start": { "line": 46, "column": 2 },
          "end": { "line": 58, "column": 3 }
        },
        "type": "if",
        "locations": [
          {
            "start": { "line": 46, "column": 2 },
            "end": { "line": 58, "column": 3 }
          }
        ]
      },
      "6": {
        "loc": {
          "start": { "line": 46, "column": 6 },
          "end": { "line": 46, "column": 29 }
        },
        "type": "binary-expr",
        "locations": [
          {
            "start": { "line": 46, "column": 6 },
            "end": { "line": 46, "column": 21 }
          },
          {
            "start": { "line": 46, "column": 25 },
            "end": { "line": 46, "column": 29 }
          }
        ]
      }
    },
    "s": {
      "0": 1,
      "1": 1,
      "2": 1,
      "3": 1,
      "4": 11,
      "5": 11,
      "6": 11,
      "7": 11,
      "8": 2,
      "9": 9,
      "10": 1
    },
    "f": { "0": 11 },
    "b": {
      "0": [9],
      "1": [10],
      "2": [9],
      "3": [11, 2],
      "4": [11, 9],
      "5": [2],
      "6": [11, 2]
    }
  },
  "F:\\Documents\\GitHub\\Key-UI\\src\\Button\\index.ts": {
    "path": "F:\\Documents\\GitHub\\Key-UI\\src\\Button\\index.ts",
    "statementMap": {
      "0": {
        "start": { "line": 1, "column": 0 },
        "end": { "line": 1, "column": 47 }
      },
      "1": {
        "start": { "line": 4, "column": 0 },
        "end": { "line": 4, "column": 22 }
      }
    },
    "fnMap": {},
    "branchMap": {},
    "s": { "0": 1, "1": 1 },
    "f": {},
    "b": {}
  },
  "F:\\Documents\\GitHub\\Key-UI\\src\\Icon\\icon.tsx": {
    "path": "F:\\Documents\\GitHub\\Key-UI\\src\\Icon\\icon.tsx",
    "statementMap": {
      "0": {
        "start": { "line": 1, "column": 0 },
        "end": { "line": 1, "column": 36 }
      },
      "1": {
        "start": { "line": 2, "column": 0 },
        "end": { "line": 2, "column": 26 }
      },
      "2": {
        "start": { "line": 3, "column": 0 },
        "end": { "line": 3, "column": 26 }
      },
      "3": {
        "start": { "line": 17, "column": 17 },
        "end": { "line": 40, "column": 1 }
      },
      "4": {
        "start": { "line": 24, "column": 17 },
        "end": { "line": 26, "column": null }
      },
      "5": {
        "start": { "line": 29, "column": 2 },
        "end": { "line": 39, "column": 4 }
      },
      "6": {
        "start": { "line": 43, "column": 13 },
        "end": { "line": 66, "column": 1 }
      },
      "7": {
        "start": { "line": 46, "column": 16 },
        "end": { "line": 46, "column": 18 }
      },
      "8": {
        "start": { "line": 47, "column": 9 },
        "end": { "line": 48, "column": 12 }
      },
      "9": {
        "start": { "line": 49, "column": 2 },
        "end": { "line": 60, "column": 3 }
      },
      "10": {
        "start": { "line": 50, "column": 4 },
        "end": { "line": 59, "column": 6 }
      },
      "11": {
        "start": { "line": 61, "column": 2 },
        "end": { "line": 65, "column": 4 }
      },
      "12": {
        "start": { "line": 68, "column": 0 },
        "end": { "line": 68, "column": 20 }
      }
    },
    "fnMap": {
      "0": {
        "name": "(anonymous_2)",
        "decl": {
          "start": { "line": 17, "column": 17 },
          "end": { "line": 17, "column": 18 }
        },
        "loc": {
          "start": { "line": 22, "column": 16 },
          "end": { "line": 40, "column": 1 }
        }
      },
      "1": {
        "name": "(anonymous_3)",
        "decl": {
          "start": { "line": 43, "column": 13 },
          "end": { "line": 43, "column": 14 }
        },
        "loc": {
          "start": { "line": 48, "column": 16 },
          "end": { "line": 66, "column": 1 }
        }
      }
    },
    "branchMap": {
      "0": {
        "loc": {
          "start": { "line": 19, "column": 2 },
          "end": { "line": 19, "column": 12 }
        },
        "type": "default-arg",
        "locations": [
          {
            "start": { "line": 19, "column": 10 },
            "end": { "line": 19, "column": 12 }
          }
        ]
      },
      "1": {
        "loc": {
          "start": { "line": 20, "column": 2 },
          "end": { "line": 20, "column": 16 }
        },
        "type": "default-arg",
        "locations": [
          {
            "start": { "line": 20, "column": 14 },
            "end": { "line": 20, "column": 16 }
          }
        ]
      },
      "2": {
        "loc": {
          "start": { "line": 26, "column": 10 },
          "end": { "line": 26, "column": 50 }
        },
        "type": "binary-expr",
        "locations": [
          {
            "start": { "line": 26, "column": 10 },
            "end": { "line": 26, "column": 21 }
          },
          {
            "start": { "line": 26, "column": 25 },
            "end": { "line": 26, "column": 37 }
          },
          {
            "start": { "line": 26, "column": 41 },
            "end": { "line": 26, "column": 50 }
          }
        ]
      },
      "3": {
        "loc": {
          "start": { "line": 26, "column": 10 },
          "end": { "line": 26, "column": 21 }
        },
        "type": "cond-expr",
        "locations": [
          {
            "start": { "line": 26, "column": 15 },
            "end": { "line": 26, "column": 17 }
          },
          {
            "start": { "line": 26, "column": 10 },
            "end": { "line": 26, "column": 21 }
          }
        ]
      },
      "4": {
        "loc": {
          "start": { "line": 26, "column": 10 },
          "end": { "line": 26, "column": 17 }
        },
        "type": "binary-expr",
        "locations": [
          {
            "start": { "line": 26, "column": 10 },
            "end": { "line": 26, "column": 17 }
          },
          {
            "start": { "line": 26, "column": 10 },
            "end": { "line": 26, "column": 17 }
          }
        ]
      },
      "5": {
        "loc": {
          "start": { "line": 26, "column": 25 },
          "end": { "line": 26, "column": 37 }
        },
        "type": "cond-expr",
        "locations": [
          {
            "start": { "line": 26, "column": 30 },
            "end": { "line": 26, "column": 32 }
          },
          {
            "start": { "line": 26, "column": 25 },
            "end": { "line": 26, "column": 37 }
          }
        ]
      },
      "6": {
        "loc": {
          "start": { "line": 26, "column": 25 },
          "end": { "line": 26, "column": 32 }
        },
        "type": "binary-expr",
        "locations": [
          {
            "start": { "line": 26, "column": 25 },
            "end": { "line": 26, "column": 32 }
          },
          {
            "start": { "line": 26, "column": 25 },
            "end": { "line": 26, "column": 32 }
          }
        ]
      },
      "7": {
        "loc": {
          "start": { "line": 44, "column": 2 },
          "end": { "line": 44, "column": 13 }
        },
        "type": "default-arg",
        "locations": [
          {
            "start": { "line": 44, "column": 9 },
            "end": { "line": 44, "column": 13 }
          }
        ]
      },
      "8": {
        "loc": {
          "start": { "line": 46, "column": 2 },
          "end": { "line": 46, "column": 16 }
        },
        "type": "default-arg",
        "locations": [
          {
            "start": { "line": 46, "column": 14 },
            "end": { "line": 46, "column": 16 }
          }
        ]
      },
      "9": {
        "loc": {
          "start": { "line": 49, "column": 2 },
          "end": { "line": 60, "column": 3 }
        },
        "type": "if",
        "locations": [
          {
            "start": { "line": 49, "column": 2 },
            "end": { "line": 60, "column": 3 }
          }
        ]
      },
      "10": {
        "loc": {
          "start": { "line": 52, "column": 9 },
          "end": { "line": 56, "column": null }
        },
        "type": "binary-expr",
        "locations": [
          {
            "start": { "line": 52, "column": 9 },
            "end": { "line": 52, "column": 13 }
          },
          {
            "start": { "line": 53, "column": 10 },
            "end": { "line": 55, "column": null }
          }
        ]
      },
      "11": {
        "loc": {
          "start": { "line": 63, "column": 7 },
          "end": { "line": 63, "column": 59 }
        },
        "type": "binary-expr",
        "locations": [
          {
            "start": { "line": 63, "column": 7 },
            "end": { "line": 63, "column": 11 }
          },
          {
            "start": { "line": 63, "column": 15 },
            "end": { "line": 63, "column": 59 }
          }
        ]
      }
    },
    "s": {
      "0": 1,
      "1": 1,
      "2": 1,
      "3": 1,
      "4": 2,
      "5": 2,
      "6": 1,
      "7": 2,
      "8": 2,
      "9": 2,
      "10": 2,
      "11": 0,
      "12": 1
    },
    "f": { "0": 2, "1": 2 },
    "b": {
      "0": [0],
      "1": [0],
      "2": [2, 2, 0],
      "3": [0, 2],
      "4": [2, 2],
      "5": [0, 2],
      "6": [2, 2],
      "7": [2],
      "8": [0],
      "9": [2],
      "10": [2, 2],
      "11": [0, 0]
    }
  },
  "F:\\Documents\\GitHub\\Key-UI\\src\\Icon\\loading-circle.js": {
    "path": "F:\\Documents\\GitHub\\Key-UI\\src\\Icon\\loading-circle.js",
    "statementMap": {
      "0": {
        "start": { "line": 1, "column": 0 },
        "end": { "line": 48, "column": 11 }
      },
      "1": {
        "start": { "line": 8, "column": 6 },
        "end": { "line": 8, "column": 2474 }
      },
      "2": {
        "start": { "line": 10, "column": 18 },
        "end": { "line": 10, "column": 57 }
      },
      "3": {
        "start": { "line": 11, "column": 12 },
        "end": { "line": 11, "column": 71 }
      },
      "4": {
        "start": { "line": 13, "column": 12 },
        "end": { "line": 15, "column": 3 }
      },
      "5": {
        "start": { "line": 14, "column": 4 },
        "end": { "line": 14, "column": 36 }
      },
      "6": {
        "start": { "line": 17, "column": 2 },
        "end": { "line": 27, "column": 3 }
      },
      "7": {
        "start": { "line": 18, "column": 4 },
        "end": { "line": 18, "column": 40 }
      },
      "8": {
        "start": { "line": 19, "column": 4 },
        "end": { "line": 26, "column": 5 }
      },
      "9": {
        "start": { "line": 20, "column": 23 },
        "end": { "line": 20, "column": 54 }
      },
      "10": {
        "start": { "line": 21, "column": 6 },
        "end": { "line": 22, "column": 124 }
      },
      "11": {
        "start": { "line": 23, "column": 6 },
        "end": { "line": 23, "column": 42 }
      },
      "12": {
        "start": { "line": 25, "column": 6 },
        "end": { "line": 25, "column": 34 }
      },
      "13": {
        "start": { "line": 29, "column": 20 },
        "end": { "line": 41, "column": 3 }
      },
      "14": {
        "start": { "line": 30, "column": 16 },
        "end": { "line": 30, "column": 45 }
      },
      "15": {
        "start": { "line": 31, "column": 4 },
        "end": { "line": 31, "column": 22 }
      },
      "16": {
        "start": { "line": 32, "column": 16 },
        "end": { "line": 32, "column": 50 }
      },
      "17": {
        "start": { "line": 33, "column": 4 },
        "end": { "line": 40, "column": 5 }
      },
      "18": {
        "start": { "line": 34, "column": 6 },
        "end": { "line": 34, "column": 46 }
      },
      "19": {
        "start": { "line": 35, "column": 6 },
        "end": { "line": 35, "column": 38 }
      },
      "20": {
        "start": { "line": 36, "column": 6 },
        "end": { "line": 36, "column": 26 }
      },
      "21": {
        "start": { "line": 37, "column": 6 },
        "end": { "line": 37, "column": 27 }
      },
      "22": {
        "start": { "line": 38, "column": 6 },
        "end": { "line": 38, "column": 36 }
      },
      "23": {
        "start": { "line": 39, "column": 6 },
        "end": { "line": 39, "column": 64 }
      },
      "24": {
        "start": { "line": 43, "column": 2 },
        "end": { "line": 47, "column": 3 }
      },
      "25": {
        "start": { "line": 44, "column": 4 },
        "end": { "line": 44, "column": 29 }
      },
      "26": {
        "start": { "line": 46, "column": 4 },
        "end": { "line": 46, "column": 61 }
      }
    },
    "fnMap": {
      "0": {
        "name": "(anonymous_0)",
        "decl": {
          "start": { "line": 1, "column": 2 },
          "end": { "line": 1, "column": 3 }
        },
        "loc": {
          "start": { "line": 1, "column": 15 },
          "end": { "line": 48, "column": 1 }
        },
        "line": 1
      },
      "1": {
        "name": "(anonymous_1)",
        "decl": {
          "start": { "line": 13, "column": 12 },
          "end": { "line": 13, "column": 13 }
        },
        "loc": {
          "start": { "line": 13, "column": 28 },
          "end": { "line": 15, "column": 3 }
        },
        "line": 13
      },
      "2": {
        "name": "(anonymous_2)",
        "decl": {
          "start": { "line": 29, "column": 20 },
          "end": { "line": 29, "column": 21 }
        },
        "loc": {
          "start": { "line": 29, "column": 32 },
          "end": { "line": 41, "column": 3 }
        },
        "line": 29
      }
    },
    "branchMap": {
      "0": {
        "loc": {
          "start": { "line": 17, "column": 2 },
          "end": { "line": 27, "column": 3 }
        },
        "type": "if",
        "locations": [
          {
            "start": { "line": 17, "column": 2 },
            "end": { "line": 27, "column": 3 }
          },
          { "start": {}, "end": {} }
        ],
        "line": 17
      },
      "1": {
        "loc": {
          "start": { "line": 17, "column": 6 },
          "end": { "line": 17, "column": 42 }
        },
        "type": "binary-expr",
        "locations": [
          {
            "start": { "line": 17, "column": 6 },
            "end": { "line": 17, "column": 7 }
          },
          {
            "start": { "line": 17, "column": 11 },
            "end": { "line": 17, "column": 42 }
          }
        ],
        "line": 17
      },
      "2": {
        "loc": {
          "start": { "line": 25, "column": 6 },
          "end": { "line": 25, "column": 33 }
        },
        "type": "binary-expr",
        "locations": [
          {
            "start": { "line": 25, "column": 6 },
            "end": { "line": 25, "column": 13 }
          },
          {
            "start": { "line": 25, "column": 17 },
            "end": { "line": 25, "column": 33 }
          }
        ],
        "line": 25
      },
      "3": {
        "loc": {
          "start": { "line": 33, "column": 4 },
          "end": { "line": 40, "column": 5 }
        },
        "type": "if",
        "locations": [
          {
            "start": { "line": 33, "column": 4 },
            "end": { "line": 40, "column": 5 }
          },
          { "start": {}, "end": {} }
        ],
        "line": 33
      },
      "4": {
        "loc": {
          "start": { "line": 43, "column": 2 },
          "end": { "line": 47, "column": 3 }
        },
        "type": "if",
        "locations": [
          {
            "start": { "line": 43, "column": 2 },
            "end": { "line": 47, "column": 3 }
          },
          {
            "start": { "line": 45, "column": 9 },
            "end": { "line": 47, "column": 3 }
          }
        ],
        "line": 43
      }
    },
    "s": {
      "0": 1,
      "1": 1,
      "2": 1,
      "3": 1,
      "4": 1,
      "5": 0,
      "6": 1,
      "7": 0,
      "8": 0,
      "9": 0,
      "10": 0,
      "11": 0,
      "12": 0,
      "13": 1,
      "14": 0,
      "15": 0,
      "16": 0,
      "17": 0,
      "18": 0,
      "19": 0,
      "20": 0,
      "21": 0,
      "22": 0,
      "23": 0,
      "24": 1,
      "25": 1,
      "26": 0
    },
    "f": { "0": 1, "1": 0, "2": 0 },
    "b": { "0": [0, 1], "1": [1, 0], "2": [0, 0], "3": [0, 0], "4": [1, 0] },
    "inputSourceMap": null,
    "_coverageSchema": "1a1c01bbd47fc00a2c39e90264f33305004495a9",
    "hash": "0255360724bacdee300c68d0c927f3da87ef0fca"
  },
  "F:\\Documents\\GitHub\\Key-UI\\src\\Loading\\loading.tsx": {
    "path": "F:\\Documents\\GitHub\\Key-UI\\src\\Loading\\loading.tsx",
    "statementMap": {
      "0": {
        "start": { "line": 1, "column": 0 },
        "end": { "line": 1, "column": 36 }
      },
      "1": {
        "start": { "line": 2, "column": 0 },
        "end": { "line": 2, "column": 55 }
      },
      "2": {
        "start": { "line": 3, "column": 0 },
        "end": { "line": 3, "column": 32 }
      },
      "3": {
        "start": { "line": 4, "column": 0 },
        "end": { "line": 4, "column": 24 }
      },
      "4": {
        "start": { "line": 16, "column": 21 },
        "end": { "line": 73, "column": 1 }
      },
      "5": {
        "start": { "line": 28, "column": 21 },
        "end": { "line": 28, "column": 31 }
      },
      "6": {
        "start": { "line": 29, "column": 29 },
        "end": { "line": 29, "column": 62 }
      },
      "7": {
        "start": { "line": 32, "column": 21 },
        "end": { "line": 48, "column": null }
      },
      "8": {
        "start": { "line": 34, "column": 6 },
        "end": { "line": 45, "column": 7 }
      },
      "9": {
        "start": { "line": 35, "column": 8 },
        "end": { "line": 39, "column": 9 }
      },
      "10": {
        "start": { "line": 36, "column": 10 },
        "end": { "line": 38, "column": 12 }
      },
      "11": {
        "start": { "line": 40, "column": 8 },
        "end": { "line": 44, "column": 9 }
      },
      "12": {
        "start": { "line": 41, "column": 10 },
        "end": { "line": 43, "column": 12 }
      },
      "13": {
        "start": { "line": 46, "column": 6 },
        "end": { "line": 46, "column": 16 }
      },
      "14": {
        "start": { "line": 51, "column": 2 },
        "end": { "line": 72, "column": 11 }
      },
      "15": {
        "start": { "line": 63, "column": 6 },
        "end": { "line": 66, "column": null }
      },
      "16": {
        "start": { "line": 76, "column": 17 },
        "end": { "line": 76, "column": 72 }
      },
      "17": {
        "start": { "line": 110, "column": 18 },
        "end": { "line": 110, "column": 26 }
      },
      "18": {
        "start": { "line": 84, "column": 16 },
        "end": { "line": 108, "column": 1 }
      },
      "19": {
        "start": { "line": 91, "column": 19 },
        "end": { "line": 93, "column": null }
      },
      "20": {
        "start": { "line": 96, "column": 2 },
        "end": { "line": 107, "column": 4 }
      },
      "21": {
        "start": { "line": 110, "column": 9 },
        "end": { "line": 110, "column": 16 }
      }
    },
    "fnMap": {
      "0": {
        "name": "(anonymous_7)",
        "decl": {
          "start": { "line": 16, "column": 21 },
          "end": { "line": 16, "column": null }
        },
        "loc": {
          "start": { "line": 27, "column": 4 },
          "end": { "line": 73, "column": 1 }
        }
      },
      "1": {
        "name": "(anonymous_8)",
        "decl": {
          "start": { "line": 33, "column": 4 },
          "end": { "line": 33, "column": 5 }
        },
        "loc": {
          "start": { "line": 33, "column": 18 },
          "end": { "line": 47, "column": 5 }
        }
      },
      "2": {
        "name": "(anonymous_9)",
        "decl": {
          "start": { "line": 62, "column": 37 },
          "end": { "line": 62, "column": 38 }
        },
        "loc": {
          "start": { "line": 63, "column": 6 },
          "end": { "line": 66, "column": null }
        }
      },
      "3": {
        "name": "(anonymous_10)",
        "decl": {
          "start": { "line": 84, "column": 16 },
          "end": { "line": 84, "column": 17 }
        },
        "loc": {
          "start": { "line": 89, "column": 19 },
          "end": { "line": 108, "column": 1 }
        }
      }
    },
    "branchMap": {
      "0": {
        "loc": {
          "start": { "line": 19, "column": 4 },
          "end": { "line": 19, "column": 18 }
        },
        "type": "default-arg",
        "locations": [
          {
            "start": { "line": 19, "column": 14 },
            "end": { "line": 19, "column": 18 }
          }
        ]
      },
      "1": {
        "loc": {
          "start": { "line": 22, "column": 4 },
          "end": { "line": 22, "column": 11 }
        },
        "type": "default-arg",
        "locations": [
          {
            "start": { "line": 22, "column": 10 },
            "end": { "line": 22, "column": 11 }
          }
        ]
      },
      "2": {
        "loc": {
          "start": { "line": 23, "column": 4 },
          "end": { "line": 23, "column": 14 }
        },
        "type": "default-arg",
        "locations": [
          {
            "start": { "line": 23, "column": 12 },
            "end": { "line": 23, "column": 14 }
          }
        ]
      },
      "3": {
        "loc": {
          "start": { "line": 24, "column": 4 },
          "end": { "line": 24, "column": 13 }
        },
        "type": "default-arg",
        "locations": [
          {
            "start": { "line": 24, "column": 11 },
            "end": { "line": 24, "column": 13 }
          }
        ]
      },
      "4": {
        "loc": {
          "start": { "line": 34, "column": 6 },
          "end": { "line": 45, "column": 7 }
        },
        "type": "if",
        "locations": [
          {
            "start": { "line": 34, "column": 6 },
            "end": { "line": 45, "column": 7 }
          }
        ]
      },
      "5": {
        "loc": {
          "start": { "line": 34, "column": 10 },
          "end": { "line": 34, "column": 31 }
        },
        "type": "binary-expr",
        "locations": [
          {
            "start": { "line": 34, "column": 10 },
            "end": { "line": 34, "column": 15 }
          },
          {
            "start": { "line": 34, "column": 19 },
            "end": { "line": 34, "column": 31 }
          }
        ]
      },
      "6": {
        "loc": {
          "start": { "line": 35, "column": 8 },
          "end": { "line": 39, "column": 9 }
        },
        "type": "if",
        "locations": [
          {
            "start": { "line": 35, "column": 8 },
            "end": { "line": 39, "column": 9 }
          }
        ]
      },
      "7": {
        "loc": {
          "start": { "line": 40, "column": 8 },
          "end": { "line": 44, "column": 9 }
        },
        "type": "if",
        "locations": [
          {
            "start": { "line": 40, "column": 8 },
            "end": { "line": 44, "column": 9 }
          }
        ]
      },
      "8": {
        "loc": {
          "start": { "line": 51, "column": 9 },
          "end": { "line": 72, "column": 10 }
        },
        "type": "cond-expr",
        "locations": [
          {
            "start": { "line": 52, "column": 6 },
            "end": { "line": 70, "column": null }
          },
          {
            "start": { "line": 72, "column": 6 },
            "end": { "line": 72, "column": 10 }
          }
        ]
      },
      "9": {
        "loc": {
          "start": { "line": 59, "column": 7 },
          "end": { "line": 59, "column": 59 }
        },
        "type": "binary-expr",
        "locations": [
          {
            "start": { "line": 59, "column": 7 },
            "end": { "line": 59, "column": 13 }
          },
          {
            "start": { "line": 59, "column": 17 },
            "end": { "line": 59, "column": 59 }
          }
        ]
      },
      "10": {
        "loc": {
          "start": { "line": 61, "column": 9 },
          "end": { "line": 61, "column": 69 }
        },
        "type": "binary-expr",
        "locations": [
          {
            "start": { "line": 61, "column": 9 },
            "end": { "line": 61, "column": 14 }
          },
          {
            "start": { "line": 61, "column": 18 },
            "end": { "line": 61, "column": 69 }
          }
        ]
      },
      "11": {
        "loc": {
          "start": { "line": 85, "column": 2 },
          "end": { "line": 85, "column": 13 }
        },
        "type": "default-arg",
        "locations": [
          {
            "start": { "line": 85, "column": 9 },
            "end": { "line": 85, "column": 13 }
          }
        ]
      },
      "12": {
        "loc": {
          "start": { "line": 93, "column": 11 },
          "end": { "line": 93, "column": 45 }
        },
        "type": "binary-expr",
        "locations": [
          {
            "start": { "line": 93, "column": 11 },
            "end": { "line": 93, "column": 16 }
          },
          {
            "start": { "line": 93, "column": 20 },
            "end": { "line": 93, "column": 32 }
          },
          {
            "start": { "line": 93, "column": 36 },
            "end": { "line": 93, "column": 45 }
          }
        ]
      },
      "13": {
        "loc": {
          "start": { "line": 93, "column": 20 },
          "end": { "line": 93, "column": 32 }
        },
        "type": "cond-expr",
        "locations": [
          {
            "start": { "line": 93, "column": 25 },
            "end": { "line": 93, "column": 27 }
          },
          {
            "start": { "line": 93, "column": 20 },
            "end": { "line": 93, "column": 32 }
          }
        ]
      },
      "14": {
        "loc": {
          "start": { "line": 93, "column": 20 },
          "end": { "line": 93, "column": 27 }
        },
        "type": "binary-expr",
        "locations": [
          {
            "start": { "line": 93, "column": 20 },
            "end": { "line": 93, "column": 27 }
          },
          {
            "start": { "line": 93, "column": 20 },
            "end": { "line": 93, "column": 27 }
          }
        ]
      },
      "15": {
        "loc": {
          "start": { "line": 98, "column": 7 },
          "end": { "line": 105, "column": 14 }
        },
        "type": "cond-expr",
        "locations": [
          {
            "start": { "line": 99, "column": 8 },
            "end": { "line": 103, "column": null }
          },
          {
            "start": { "line": 105, "column": 10 },
            "end": { "line": 105, "column": 14 }
          }
        ]
      }
    },
    "s": {
      "0": 1,
      "1": 1,
      "2": 1,
      "3": 1,
      "4": 1,
      "5": 3,
      "6": 3,
      "7": 3,
      "8": 8,
      "9": 5,
      "10": 3,
      "11": 2,
      "12": 2,
      "13": 3,
      "14": 3,
      "15": 8,
      "16": 1,
      "17": 1,
      "18": 1,
      "19": 3,
      "20": 3,
      "21": 1
    },
    "f": { "0": 3, "1": 8, "2": 8, "3": 3 },
    "b": {
      "0": [0],
      "1": [2],
      "2": [2],
      "3": [2],
      "4": [5],
      "5": [8, 8],
      "6": [3],
      "7": [2],
      "8": [2, 1],
      "9": [2, 1],
      "10": [2, 1],
      "11": [1],
      "12": [3, 2, 2],
      "13": [2, 0],
      "14": [2, 2],
      "15": [2, 1]
    }
  },
  "F:\\Documents\\GitHub\\Key-UI\\src\\Switch\\switch.tsx": {
    "path": "F:\\Documents\\GitHub\\Key-UI\\src\\Switch\\switch.tsx",
    "statementMap": {
      "0": {
        "start": { "line": 1, "column": 0 },
        "end": { "line": 1, "column": 36 }
      },
      "1": {
        "start": { "line": 2, "column": 0 },
        "end": { "line": 2, "column": null }
      },
      "2": {
        "start": { "line": 11, "column": 0 },
        "end": { "line": 11, "column": 23 }
      },
      "3": {
        "start": { "line": 27, "column": 15 },
        "end": { "line": 112, "column": null }
      },
      "4": {
        "start": { "line": 42, "column": 21 },
        "end": { "line": 42, "column": 56 }
      },
      "5": {
        "start": { "line": 43, "column": 42 },
        "end": { "line": 43, "column": 75 }
      },
      "6": {
        "start": { "line": 44, "column": 44 },
        "end": { "line": 44, "column": 77 }
      },
      "7": {
        "start": { "line": 47, "column": 25 },
        "end": { "line": 49, "column": 5 }
      },
      "8": {
        "start": { "line": 48, "column": 6 },
        "end": { "line": 48, "column": 74 }
      },
      "9": {
        "start": { "line": 51, "column": 27 },
        "end": { "line": 53, "column": 5 }
      },
      "10": {
        "start": { "line": 52, "column": 6 },
        "end": { "line": 52, "column": 44 }
      },
      "11": {
        "start": { "line": 55, "column": 18 },
        "end": { "line": 55, "column": 32 }
      },
      "12": {
        "start": { "line": 56, "column": 20 },
        "end": { "line": 56, "column": 58 }
      },
      "13": {
        "start": { "line": 59, "column": 25 },
        "end": { "line": 63, "column": 5 }
      },
      "14": {
        "start": { "line": 60, "column": 6 },
        "end": { "line": 60, "column": 38 }
      },
      "15": {
        "start": { "line": 60, "column": 31 },
        "end": { "line": 60, "column": 38 }
      },
      "16": {
        "start": { "line": 61, "column": 6 },
        "end": { "line": 61, "column": 37 }
      },
      "17": {
        "start": { "line": 62, "column": 6 },
        "end": { "line": 62, "column": 32 }
      },
      "18": {
        "start": { "line": 66, "column": 24 },
        "end": { "line": 82, "column": 59 }
      },
      "19": {
        "start": { "line": 67, "column": 6 },
        "end": { "line": 81, "column": 8 }
      },
      "20": {
        "start": { "line": 85, "column": 4 },
        "end": { "line": 92, "column": 52 }
      },
      "21": {
        "start": { "line": 86, "column": 6 },
        "end": { "line": 91, "column": 7 }
      },
      "22": {
        "start": { "line": 87, "column": 27 },
        "end": { "line": 87, "column": 55 }
      },
      "23": {
        "start": { "line": 88, "column": 8 },
        "end": { "line": 88, "column": 40 }
      },
      "24": {
        "start": { "line": 90, "column": 8 },
        "end": { "line": 90, "column": 40 }
      },
      "25": {
        "start": { "line": 94, "column": 4 },
        "end": { "line": 111, "column": 6 }
      },
      "26": {
        "start": { "line": 115, "column": 0 },
        "end": { "line": 115, "column": 22 }
      }
    },
    "fnMap": {
      "0": {
        "name": "(anonymous_7)",
        "decl": {
          "start": { "line": 28, "column": 2 },
          "end": { "line": 28, "column": null }
        },
        "loc": {
          "start": { "line": 41, "column": 6 },
          "end": { "line": 112, "column": 3 }
        }
      },
      "1": {
        "name": "(anonymous_8)",
        "decl": {
          "start": { "line": 47, "column": 25 },
          "end": { "line": 47, "column": 28 }
        },
        "loc": {
          "start": { "line": 47, "column": 30 },
          "end": { "line": 49, "column": 5 }
        }
      },
      "2": {
        "name": "(anonymous_9)",
        "decl": {
          "start": { "line": 51, "column": 27 },
          "end": { "line": 51, "column": 28 }
        },
        "loc": {
          "start": { "line": 51, "column": 55 },
          "end": { "line": 53, "column": 5 }
        }
      },
      "3": {
        "name": "(anonymous_10)",
        "decl": {
          "start": { "line": 59, "column": 25 },
          "end": { "line": 59, "column": 28 }
        },
        "loc": {
          "start": { "line": 59, "column": 30 },
          "end": { "line": 63, "column": 5 }
        }
      },
      "4": {
        "name": "(anonymous_11)",
        "decl": {
          "start": { "line": 66, "column": 32 },
          "end": { "line": 66, "column": 35 }
        },
        "loc": {
          "start": { "line": 66, "column": 37 },
          "end": { "line": 82, "column": 5 }
        }
      },
      "5": {
        "name": "(anonymous_12)",
        "decl": {
          "start": { "line": 85, "column": 14 },
          "end": { "line": 85, "column": 17 }
        },
        "loc": {
          "start": { "line": 85, "column": 19 },
          "end": { "line": 92, "column": 5 }
        }
      }
    },
    "branchMap": {
      "0": {
        "loc": {
          "start": { "line": 33, "column": 6 },
          "end": { "line": 33, "column": 28 }
        },
        "type": "default-arg",
        "locations": [
          {
            "start": { "line": 33, "column": 23 },
            "end": { "line": 33, "column": 28 }
          }
        ]
      },
      "1": {
        "loc": {
          "start": { "line": 43, "column": 59 },
          "end": { "line": 43, "column": 74 }
        },
        "type": "cond-expr",
        "locations": [
          {
            "start": { "line": 43, "column": 67 },
            "end": { "line": 43, "column": 69 }
          },
          {
            "start": { "line": 43, "column": 72 },
            "end": { "line": 43, "column": 74 }
          }
        ]
      },
      "2": {
        "loc": {
          "start": { "line": 48, "column": 13 },
          "end": { "line": 48, "column": 73 }
        },
        "type": "binary-expr",
        "locations": [
          {
            "start": { "line": 48, "column": 13 },
            "end": { "line": 48, "column": 62 }
          },
          {
            "start": { "line": 48, "column": 66 },
            "end": { "line": 48, "column": 73 }
          }
        ]
      },
      "3": {
        "loc": {
          "start": { "line": 52, "column": 13 },
          "end": { "line": 52, "column": 43 }
        },
        "type": "cond-expr",
        "locations": [
          {
            "start": { "line": 52, "column": 22 },
            "end": { "line": 52, "column": 31 }
          },
          {
            "start": { "line": 52, "column": 34 },
            "end": { "line": 52, "column": 43 }
          }
        ]
      },
      "4": {
        "loc": {
          "start": { "line": 60, "column": 6 },
          "end": { "line": 60, "column": 38 }
        },
        "type": "if",
        "locations": [
          {
            "start": { "line": 60, "column": 6 },
            "end": { "line": 60, "column": 38 }
          }
        ]
      },
      "5": {
        "loc": {
          "start": { "line": 60, "column": 10 },
          "end": { "line": 60, "column": 29 }
        },
        "type": "binary-expr",
        "locations": [
          {
            "start": { "line": 60, "column": 10 },
            "end": { "line": 60, "column": 18 }
          },
          {
            "start": { "line": 60, "column": 22 },
            "end": { "line": 60, "column": 29 }
          }
        ]
      },
      "6": {
        "loc": {
          "start": { "line": 62, "column": 6 },
          "end": { "line": 62, "column": 31 }
        },
        "type": "cond-expr",
        "locations": [
          {
            "start": { "line": 62, "column": 14 },
            "end": { "line": 62, "column": 17 }
          },
          {
            "start": { "line": 62, "column": 6 },
            "end": { "line": 62, "column": 31 }
          }
        ]
      },
      "7": {
        "loc": {
          "start": { "line": 62, "column": 6 },
          "end": { "line": 62, "column": 17 }
        },
        "type": "binary-expr",
        "locations": [
          {
            "start": { "line": 62, "column": 6 },
            "end": { "line": 62, "column": 17 }
          },
          {
            "start": { "line": 62, "column": 6 },
            "end": { "line": 62, "column": 17 }
          }
        ]
      },
      "8": {
        "loc": {
          "start": { "line": 69, "column": 30 },
          "end": { "line": 69, "column": 45 }
        },
        "type": "cond-expr",
        "locations": [
          {
            "start": { "line": 69, "column": 38 },
            "end": { "line": 69, "column": 40 }
          },
          {
            "start": { "line": 69, "column": 43 },
            "end": { "line": 69, "column": 45 }
          }
        ]
      },
      "9": {
        "loc": {
          "start": { "line": 70, "column": 28 },
          "end": { "line": 72, "column": 17 }
        },
        "type": "cond-expr",
        "locations": [
          {
            "start": { "line": 71, "column": 12 },
            "end": { "line": 71, "column": 54 }
          },
          {
            "start": { "line": 72, "column": 12 },
            "end": { "line": 72, "column": 17 }
          }
        ]
      },
      "10": {
        "loc": {
          "start": { "line": 71, "column": 35 },
          "end": { "line": 71, "column": 49 }
        },
        "type": "cond-expr",
        "locations": [
          {
            "start": { "line": 71, "column": 43 },
            "end": { "line": 71, "column": 45 }
          },
          {
            "start": { "line": 71, "column": 48 },
            "end": { "line": 71, "column": 49 }
          }
        ]
      },
      "11": {
        "loc": {
          "start": { "line": 73, "column": 28 },
          "end": { "line": 73, "column": 51 }
        },
        "type": "cond-expr",
        "locations": [
          {
            "start": { "line": 73, "column": 36 },
            "end": { "line": 73, "column": 43 }
          },
          {
            "start": { "line": 73, "column": 46 },
            "end": { "line": 73, "column": 51 }
          }
        ]
      },
      "12": {
        "loc": {
          "start": { "line": 74, "column": 25 },
          "end": { "line": 74, "column": 48 }
        },
        "type": "cond-expr",
        "locations": [
          {
            "start": { "line": 74, "column": 33 },
            "end": { "line": 74, "column": 39 }
          },
          {
            "start": { "line": 74, "column": 42 },
            "end": { "line": 74, "column": 48 }
          }
        ]
      },
      "13": {
        "loc": {
          "start": { "line": 75, "column": 29 },
          "end": { "line": 75, "column": 75 }
        },
        "type": "cond-expr",
        "locations": [
          {
            "start": { "line": 75, "column": 44 },
            "end": { "line": 75, "column": 49 }
          },
          {
            "start": { "line": 75, "column": 52 },
            "end": { "line": 75, "column": 75 }
          }
        ]
      },
      "14": {
        "loc": {
          "start": { "line": 76, "column": 23 },
          "end": { "line": 78, "column": 33 }
        },
        "type": "cond-expr",
        "locations": [
          {
            "start": { "line": 77, "column": 12 },
            "end": { "line": 77, "column": 64 }
          },
          {
            "start": { "line": 78, "column": 12 },
            "end": { "line": 78, "column": 33 }
          }
        ]
      },
      "15": {
        "loc": {
          "start": { "line": 77, "column": 27 },
          "end": { "line": 77, "column": 63 }
        },
        "type": "binary-expr",
        "locations": [
          {
            "start": { "line": 77, "column": 27 },
            "end": { "line": 77, "column": 43 }
          },
          {
            "start": { "line": 77, "column": 47 },
            "end": { "line": 77, "column": 63 }
          }
        ]
      },
      "16": {
        "loc": {
          "start": { "line": 79, "column": 22 },
          "end": { "line": 79, "column": 69 }
        },
        "type": "cond-expr",
        "locations": [
          {
            "start": { "line": 79, "column": 44 },
            "end": { "line": 79, "column": 57 }
          },
          {
            "start": { "line": 79, "column": 60 },
            "end": { "line": 79, "column": 69 }
          }
        ]
      },
      "17": {
        "loc": {
          "start": { "line": 79, "column": 22 },
          "end": { "line": 79, "column": 41 }
        },
        "type": "binary-expr",
        "locations": [
          {
            "start": { "line": 79, "column": 22 },
            "end": { "line": 79, "column": 30 }
          },
          {
            "start": { "line": 79, "column": 34 },
            "end": { "line": 79, "column": 41 }
          }
        ]
      },
      "18": {
        "loc": {
          "start": { "line": 80, "column": 21 },
          "end": { "line": 80, "column": 54 }
        },
        "type": "cond-expr",
        "locations": [
          {
            "start": { "line": 80, "column": 43 },
            "end": { "line": 80, "column": 48 }
          },
          {
            "start": { "line": 80, "column": 51 },
            "end": { "line": 80, "column": 54 }
          }
        ]
      },
      "19": {
        "loc": {
          "start": { "line": 80, "column": 21 },
          "end": { "line": 80, "column": 40 }
        },
        "type": "binary-expr",
        "locations": [
          {
            "start": { "line": 80, "column": 21 },
            "end": { "line": 80, "column": 29 }
          },
          {
            "start": { "line": 80, "column": 33 },
            "end": { "line": 80, "column": 40 }
          }
        ]
      },
      "20": {
        "loc": {
          "start": { "line": 86, "column": 6 },
          "end": { "line": 91, "column": 7 }
        },
        "type": "if",
        "locations": [
          {
            "start": { "line": 86, "column": 6 },
            "end": { "line": 91, "column": 7 }
          },
          {
            "start": { "line": 89, "column": 13 },
            "end": { "line": 91, "column": 7 }
          }
        ]
      },
      "21": {
        "loc": {
          "start": { "line": 90, "column": 23 },
          "end": { "line": 90, "column": 38 }
        },
        "type": "cond-expr",
        "locations": [
          {
            "start": { "line": 90, "column": 31 },
            "end": { "line": 90, "column": 33 }
          },
          {
            "start": { "line": 90, "column": 36 },
            "end": { "line": 90, "column": 38 }
          }
        ]
      },
      "22": {
        "loc": {
          "start": { "line": 103, "column": 11 },
          "end": { "line": 103, "column": 51 }
        },
        "type": "cond-expr",
        "locations": [
          {
            "start": { "line": 103, "column": 21 },
            "end": { "line": 103, "column": 44 }
          },
          {
            "start": { "line": 103, "column": 47 },
            "end": { "line": 103, "column": 51 }
          }
        ]
      },
      "23": {
        "loc": {
          "start": { "line": 105, "column": 9 },
          "end": { "line": 108, "column": null }
        },
        "type": "binary-expr",
        "locations": [
          {
            "start": { "line": 105, "column": 9 },
            "end": { "line": 105, "column": 24 }
          },
          {
            "start": { "line": 105, "column": 28 },
            "end": { "line": 105, "column": 45 }
          },
          {
            "start": { "line": 106, "column": 10 },
            "end": { "line": 107, "column": null }
          }
        ]
      },
      "24": {
        "loc": {
          "start": { "line": 107, "column": 13 },
          "end": { "line": 107, "column": 63 }
        },
        "type": "cond-expr",
        "locations": [
          {
            "start": { "line": 107, "column": 28 },
            "end": { "line": 107, "column": 43 }
          },
          {
            "start": { "line": 107, "column": 46 },
            "end": { "line": 107, "column": 63 }
          }
        ]
      }
    },
    "s": {
      "0": 1,
      "1": 1,
      "2": 1,
      "3": 1,
      "4": 12,
      "5": 12,
      "6": 12,
      "7": 12,
      "8": 12,
      "9": 12,
      "10": 3,
      "11": 12,
      "12": 12,
      "13": 12,
      "14": 4,
      "15": 1,
      "16": 3,
      "17": 3,
      "18": 12,
      "19": 11,
      "20": 12,
      "21": 7,
      "22": 1,
      "23": 1,
      "24": 6,
      "25": 12,
      "26": 1
    },
    "f": { "0": 12, "1": 12, "2": 3, "3": 4, "4": 11, "5": 7 },
    "b": {
      "0": [9],
      "1": [1, 11],
      "2": [12, 12],
      "3": [0, 3],
      "4": [1],
      "5": [4, 3],
      "6": [1, 2],
      "7": [3, 3],
      "8": [1, 10],
      "9": [3, 8],
      "10": [0, 3],
      "11": [1, 10],
      "12": [1, 10],
      "13": [3, 8],
      "14": [3, 8],
      "15": [3, 3],
      "16": [2, 9],
      "17": [11, 10],
      "18": [2, 9],
      "19": [11, 10],
      "20": [1, 6],
      "21": [1, 5],
      "22": [1, 11],
      "23": [12, 3, 3],
      "24": [2, 1]
    }
  },
  "F:\\Documents\\GitHub\\Key-UI\\src\\Tabs\\tabs.tsx": {
    "path": "F:\\Documents\\GitHub\\Key-UI\\src\\Tabs\\tabs.tsx",
    "statementMap": {
      "0": {
        "start": { "line": 1, "column": 0 },
        "end": { "line": 1, "column": 36 }
      },
      "1": {
        "start": { "line": 2, "column": 0 },
        "end": { "line": 2, "column": null }
      },
      "2": {
        "start": { "line": 9, "column": 0 },
        "end": { "line": 9, "column": 21 }
      },
      "3": {
        "start": { "line": 29, "column": 28 },
        "end": { "line": 87, "column": 1 }
      },
      "4": {
        "start": { "line": 37, "column": 36 },
        "end": { "line": 37, "column": 62 }
      },
      "5": {
        "start": { "line": 38, "column": 24 },
        "end": { "line": 38, "column": 60 }
      },
      "6": {
        "start": { "line": 39, "column": 18 },
        "end": { "line": 39, "column": 62 }
      },
      "7": {
        "start": { "line": 41, "column": 23 },
        "end": { "line": 50, "column": 3 }
      },
      "8": {
        "start": { "line": 46, "column": 4 },
        "end": { "line": 49, "column": 5 }
      },
      "9": {
        "start": { "line": 47, "column": 6 },
        "end": { "line": 47, "column": 24 }
      },
      "10": {
        "start": { "line": 48, "column": 6 },
        "end": { "line": 48, "column": 27 }
      },
      "11": {
        "start": { "line": 52, "column": 2 },
        "end": { "line": 86, "column": 4 }
      },
      "12": {
        "start": { "line": 56, "column": 10 },
        "end": { "line": 66, "column": null }
      },
      "13": {
        "start": { "line": 63, "column": 14 },
        "end": { "line": 63, "column": 55 }
      },
      "14": {
        "start": { "line": 73, "column": 10 },
        "end": { "line": 82, "column": 12 }
      },
      "15": {
        "start": { "line": 89, "column": 0 },
        "end": { "line": 89, "column": 20 }
      }
    },
    "fnMap": {
      "0": {
        "name": "(anonymous_7)",
        "decl": {
          "start": { "line": 29, "column": 28 },
          "end": { "line": 29, "column": 29 }
        },
        "loc": {
          "start": { "line": 36, "column": 5 },
          "end": { "line": 87, "column": 1 }
        }
      },
      "1": {
        "name": "(anonymous_8)",
        "decl": {
          "start": { "line": 41, "column": 23 },
          "end": { "line": 41, "column": null }
        },
        "loc": {
          "start": { "line": 45, "column": 6 },
          "end": { "line": 50, "column": 3 }
        }
      },
      "2": {
        "name": "(anonymous_9)",
        "decl": {
          "start": { "line": 55, "column": 19 },
          "end": { "line": 55, "column": 20 }
        },
        "loc": {
          "start": { "line": 56, "column": 10 },
          "end": { "line": 66, "column": null }
        }
      },
      "3": {
        "name": "(anonymous_10)",
        "decl": {
          "start": { "line": 62, "column": 21 },
          "end": { "line": 62, "column": 22 }
        },
        "loc": {
          "start": { "line": 62, "column": 27 },
          "end": { "line": 64, "column": 13 }
        }
      },
      "4": {
        "name": "(anonymous_11)",
        "decl": {
          "start": { "line": 72, "column": 19 },
          "end": { "line": 72, "column": 20 }
        },
        "loc": {
          "start": { "line": 72, "column": 28 },
          "end": { "line": 83, "column": 9 }
        }
      }
    },
    "branchMap": {
      "0": {
        "loc": {
          "start": { "line": 33, "column": 2 },
          "end": { "line": 33, "column": 15 }
        },
        "type": "default-arg",
        "locations": [
          {
            "start": { "line": 33, "column": 9 },
            "end": { "line": 33, "column": 15 }
          }
        ]
      },
      "1": {
        "loc": {
          "start": { "line": 46, "column": 4 },
          "end": { "line": 49, "column": 5 }
        },
        "type": "if",
        "locations": [
          {
            "start": { "line": 46, "column": 4 },
            "end": { "line": 49, "column": 5 }
          }
        ]
      },
      "2": {
        "loc": {
          "start": { "line": 48, "column": 6 },
          "end": { "line": 48, "column": 26 }
        },
        "type": "cond-expr",
        "locations": [
          {
            "start": { "line": 48, "column": 16 },
            "end": { "line": 48, "column": 19 }
          },
          {
            "start": { "line": 48, "column": 6 },
            "end": { "line": 48, "column": 26 }
          }
        ]
      },
      "3": {
        "loc": {
          "start": { "line": 48, "column": 6 },
          "end": { "line": 48, "column": 19 }
        },
        "type": "binary-expr",
        "locations": [
          {
            "start": { "line": 48, "column": 6 },
            "end": { "line": 48, "column": 19 }
          },
          {
            "start": { "line": 48, "column": 6 },
            "end": { "line": 48, "column": 19 }
          }
        ]
      }
    },
    "s": {
      "0": 1,
      "1": 1,
      "2": 1,
      "3": 1,
      "4": 10,
      "5": 10,
      "6": 10,
      "7": 10,
      "8": 3,
      "9": 2,
      "10": 2,
      "11": 10,
      "12": 30,
      "13": 3,
      "14": 30,
      "15": 1
    },
    "f": { "0": 10, "1": 3, "2": 30, "3": 3, "4": 30 },
    "b": { "0": [8], "1": [2], "2": [1, 1], "3": [2, 2] }
  },
  "F:\\Documents\\GitHub\\Key-UI\\src\\Toast\\toast.tsx": {
    "path": "F:\\Documents\\GitHub\\Key-UI\\src\\Toast\\toast.tsx",
    "statementMap": {
      "0": {
        "start": { "line": 1, "column": 0 },
        "end": { "line": 1, "column": null }
      },
      "1": {
        "start": { "line": 8, "column": 0 },
        "end": { "line": 8, "column": 66 }
      },
      "2": {
        "start": { "line": 9, "column": 0 },
        "end": { "line": 9, "column": 40 }
      },
      "3": {
        "start": { "line": 10, "column": 0 },
        "end": { "line": 10, "column": 55 }
      },
      "4": {
        "start": { "line": 11, "column": 0 },
        "end": { "line": 11, "column": 22 }
      },
      "5": {
        "start": { "line": 21, "column": 16 },
        "end": { "line": 29, "column": 2 }
      },
      "6": {
        "start": { "line": 32, "column": 25 },
        "end": { "line": 32, "column": 54 }
      },
      "7": {
        "start": { "line": 33, "column": 0 },
        "end": { "line": 33, "column": 56 }
      },
      "8": {
        "start": { "line": 34, "column": 0 },
        "end": { "line": 34, "column": 44 }
      },
      "9": {
        "start": { "line": 36, "column": 37 },
        "end": { "line": 75, "column": 1 }
      },
      "10": {
        "start": { "line": 42, "column": 40 },
        "end": { "line": 42, "column": 55 }
      },
      "11": {
        "start": { "line": 44, "column": 2 },
        "end": { "line": 57, "column": 13 }
      },
      "12": {
        "start": { "line": 45, "column": 4 },
        "end": { "line": 45, "column": 25 }
      },
      "13": {
        "start": { "line": 46, "column": 20 },
        "end": { "line": 52, "column": 23 }
      },
      "14": {
        "start": { "line": 47, "column": 6 },
        "end": { "line": 47, "column": 28 }
      },
      "15": {
        "start": { "line": 48, "column": 6 },
        "end": { "line": 51, "column": 14 }
      },
      "16": {
        "start": { "line": 49, "column": 26 },
        "end": { "line": 49, "column": 77 }
      },
      "17": {
        "start": { "line": 50, "column": 8 },
        "end": { "line": 50, "column": 75 }
      },
      "18": {
        "start": { "line": 54, "column": 4 },
        "end": { "line": 56, "column": 6 }
      },
      "19": {
        "start": { "line": 55, "column": 6 },
        "end": { "line": 55, "column": 28 }
      },
      "20": {
        "start": { "line": 59, "column": 2 },
        "end": { "line": 74, "column": 4 }
      },
      "21": {
        "start": { "line": 77, "column": 16 },
        "end": { "line": 134, "column": 2 }
      },
      "22": {
        "start": { "line": 80, "column": 16 },
        "end": { "line": 80, "column": 45 }
      },
      "23": {
        "start": { "line": 81, "column": 4 },
        "end": { "line": 81, "column": 37 }
      },
      "24": {
        "start": { "line": 83, "column": 4 },
        "end": { "line": 85, "column": 6 }
      },
      "25": {
        "start": { "line": 87, "column": 22 },
        "end": { "line": 87, "column": 73 }
      },
      "26": {
        "start": { "line": 88, "column": 4 },
        "end": { "line": 90, "column": 5 }
      },
      "27": {
        "start": { "line": 89, "column": 6 },
        "end": { "line": 89, "column": 33 }
      },
      "28": {
        "start": { "line": 94, "column": 16 },
        "end": { "line": 94, "column": 45 }
      },
      "29": {
        "start": { "line": 95, "column": 4 },
        "end": { "line": 95, "column": 37 }
      },
      "30": {
        "start": { "line": 97, "column": 4 },
        "end": { "line": 99, "column": 6 }
      },
      "31": {
        "start": { "line": 101, "column": 22 },
        "end": { "line": 101, "column": 73 }
      },
      "32": {
        "start": { "line": 102, "column": 4 },
        "end": { "line": 104, "column": 5 }
      },
      "33": {
        "start": { "line": 103, "column": 6 },
        "end": { "line": 103, "column": 33 }
      },
      "34": {
        "start": { "line": 108, "column": 16 },
        "end": { "line": 108, "column": 45 }
      },
      "35": {
        "start": { "line": 109, "column": 4 },
        "end": { "line": 109, "column": 37 }
      },
      "36": {
        "start": { "line": 111, "column": 4 },
        "end": { "line": 113, "column": 6 }
      },
      "37": {
        "start": { "line": 115, "column": 22 },
        "end": { "line": 115, "column": 73 }
      },
      "38": {
        "start": { "line": 116, "column": 4 },
        "end": { "line": 118, "column": 5 }
      },
      "39": {
        "start": { "line": 117, "column": 6 },
        "end": { "line": 117, "column": 33 }
      },
      "40": {
        "start": { "line": 122, "column": 16 },
        "end": { "line": 122, "column": 45 }
      },
      "41": {
        "start": { "line": 123, "column": 4 },
        "end": { "line": 123, "column": 37 }
      },
      "42": {
        "start": { "line": 125, "column": 4 },
        "end": { "line": 127, "column": 6 }
      },
      "43": {
        "start": { "line": 129, "column": 22 },
        "end": { "line": 129, "column": 73 }
      },
      "44": {
        "start": { "line": 130, "column": 4 },
        "end": { "line": 132, "column": 5 }
      },
      "45": {
        "start": { "line": 131, "column": 6 },
        "end": { "line": 131, "column": 33 }
      },
      "46": {
        "start": { "line": 136, "column": 0 },
        "end": { "line": 136, "column": 23 }
      }
    },
    "fnMap": {
      "0": {
        "name": "(anonymous_7)",
        "decl": {
          "start": { "line": 36, "column": 37 },
          "end": { "line": 36, "column": 38 }
        },
        "loc": {
          "start": { "line": 41, "column": 5 },
          "end": { "line": 75, "column": 1 }
        }
      },
      "1": {
        "name": "(anonymous_8)",
        "decl": {
          "start": { "line": 44, "column": 12 },
          "end": { "line": 44, "column": 15 }
        },
        "loc": {
          "start": { "line": 44, "column": 17 },
          "end": { "line": 57, "column": 3 }
        }
      },
      "2": {
        "name": "(anonymous_9)",
        "decl": {
          "start": { "line": 46, "column": 31 },
          "end": { "line": 46, "column": 34 }
        },
        "loc": {
          "start": { "line": 46, "column": 36 },
          "end": { "line": 52, "column": 5 }
        }
      },
      "3": {
        "name": "(anonymous_10)",
        "decl": {
          "start": { "line": 48, "column": 17 },
          "end": { "line": 48, "column": 20 }
        },
        "loc": {
          "start": { "line": 48, "column": 22 },
          "end": { "line": 51, "column": 7 }
        }
      },
      "4": {
        "name": "(anonymous_11)",
        "decl": {
          "start": { "line": 54, "column": 11 },
          "end": { "line": 54, "column": 14 }
        },
        "loc": {
          "start": { "line": 54, "column": 16 },
          "end": { "line": 56, "column": 5 }
        }
      },
      "5": {
        "name": "(anonymous_12)",
        "decl": {
          "start": { "line": 65, "column": 16 },
          "end": { "line": 65, "column": 19 }
        },
        "loc": {
          "start": { "line": 65, "column": 21 },
          "end": { "line": 65, "column": 24 }
        }
      },
      "6": {
        "name": "(anonymous_13)",
        "decl": {
          "start": { "line": 79, "column": 8 },
          "end": { "line": 79, "column": 9 }
        },
        "loc": {
          "start": { "line": 79, "column": 47 },
          "end": { "line": 91, "column": 3 }
        }
      },
      "7": {
        "name": "(anonymous_14)",
        "decl": {
          "start": { "line": 93, "column": 11 },
          "end": { "line": 93, "column": 12 }
        },
        "loc": {
          "start": { "line": 93, "column": 50 },
          "end": { "line": 105, "column": 3 }
        }
      },
      "8": {
        "name": "(anonymous_15)",
        "decl": {
          "start": { "line": 107, "column": 11 },
          "end": { "line": 107, "column": 12 }
        },
        "loc": {
          "start": { "line": 107, "column": 50 },
          "end": { "line": 119, "column": 3 }
        }
      },
      "9": {
        "name": "(anonymous_16)",
        "decl": {
          "start": { "line": 121, "column": 9 },
          "end": { "line": 121, "column": 10 }
        },
        "loc": {
          "start": { "line": 121, "column": 48 },
          "end": { "line": 133, "column": 3 }
        }
      }
    },
    "branchMap": {
      "0": {
        "loc": {
          "start": { "line": 37, "column": 2 },
          "end": { "line": 37, "column": 15 }
        },
        "type": "default-arg",
        "locations": [
          {
            "start": { "line": 37, "column": 9 },
            "end": { "line": 37, "column": 15 }
          }
        ]
      },
      "1": {
        "loc": {
          "start": { "line": 40, "column": 2 },
          "end": { "line": 40, "column": 14 }
        },
        "type": "default-arg",
        "locations": [
          {
            "start": { "line": 40, "column": 13 },
            "end": { "line": 40, "column": 14 }
          }
        ]
      },
      "2": {
        "loc": {
          "start": { "line": 50, "column": 8 },
          "end": { "line": 50, "column": 74 }
        },
        "type": "cond-expr",
        "locations": [
          {
            "start": { "line": 50, "column": 17 },
            "end": { "line": 50, "column": 19 }
          },
          {
            "start": { "line": 50, "column": 8 },
            "end": { "line": 50, "column": 74 }
          }
        ]
      },
      "3": {
        "loc": {
          "start": { "line": 50, "column": 8 },
          "end": { "line": 50, "column": 19 }
        },
        "type": "binary-expr",
        "locations": [
          {
            "start": { "line": 50, "column": 8 },
            "end": { "line": 50, "column": 19 }
          },
          {
            "start": { "line": 50, "column": 8 },
            "end": { "line": 50, "column": 19 }
          }
        ]
      },
      "4": {
        "loc": {
          "start": { "line": 88, "column": 4 },
          "end": { "line": 90, "column": 5 }
        },
        "type": "if",
        "locations": [
          {
            "start": { "line": 88, "column": 4 },
            "end": { "line": 90, "column": 5 }
          }
        ]
      },
      "5": {
        "loc": {
          "start": { "line": 102, "column": 4 },
          "end": { "line": 104, "column": 5 }
        },
        "type": "if",
        "locations": [
          {
            "start": { "line": 102, "column": 4 },
            "end": { "line": 104, "column": 5 }
          }
        ]
      },
      "6": {
        "loc": {
          "start": { "line": 116, "column": 4 },
          "end": { "line": 118, "column": 5 }
        },
        "type": "if",
        "locations": [
          {
            "start": { "line": 116, "column": 4 },
            "end": { "line": 118, "column": 5 }
          }
        ]
      },
      "7": {
        "loc": {
          "start": { "line": 130, "column": 4 },
          "end": { "line": 132, "column": 5 }
        },
        "type": "if",
        "locations": [
          {
            "start": { "line": 130, "column": 4 },
            "end": { "line": 132, "column": 5 }
          }
        ]
      }
    },
    "s": {
      "0": 1,
      "1": 1,
      "2": 1,
      "3": 1,
      "4": 1,
      "5": 1,
      "6": 1,
      "7": 1,
      "8": 1,
      "9": 1,
      "10": 24,
      "11": 24,
      "12": 11,
      "13": 11,
      "14": 2,
      "15": 2,
      "16": 2,
      "17": 2,
      "18": 11,
      "19": 0,
      "20": 24,
      "21": 1,
      "22": 5,
      "23": 5,
      "24": 5,
      "25": 5,
      "26": 5,
      "27": 5,
      "28": 2,
      "29": 2,
      "30": 2,
      "31": 2,
      "32": 2,
      "33": 2,
      "34": 2,
      "35": 2,
      "36": 2,
      "37": 2,
      "38": 2,
      "39": 2,
      "40": 2,
      "41": 2,
      "42": 2,
      "43": 2,
      "44": 2,
      "45": 2,
      "46": 1
    },
    "f": {
      "0": 24,
      "1": 11,
      "2": 2,
      "3": 2,
      "4": 0,
      "5": 0,
      "6": 5,
      "7": 2,
      "8": 2,
      "9": 2
    },
    "b": {
      "0": [0],
      "1": [2],
      "2": [0, 2],
      "3": [2, 2],
      "4": [5],
      "5": [2],
      "6": [2],
      "7": [2]
    }
  }
}
