TN:
SF:src\Button\button.tsx
FN:26,(anonymous_2)
FNF:1
FNH:1
FNDA:11,(anonymous_2)
DA:1,1
DA:2,1
DA:3,1
DA:26,1
DA:35,11
DA:36,11
DA:39,11
DA:46,11
DA:47,2
DA:59,9
DA:73,1
LF:11
LH:11
BRDA:29,0,0,9
BRDA:30,1,0,10
BRDA:31,2,0,9
BRDA:42,3,0,11
BRDA:42,3,1,2
BRDA:43,4,0,11
BRDA:43,4,1,9
BRDA:46,5,0,2
BRDA:46,6,0,11
BRDA:46,6,1,2
BRF:10
BRH:10
end_of_record
TN:
SF:src\Button\index.ts
FNF:0
FNH:0
DA:1,1
DA:4,1
LF:2
LH:2
BRF:0
BRH:0
end_of_record
TN:
SF:src\Switch\switch.tsx
FN:27,(anonymous_7)
FN:46,(anonymous_8)
FN:50,(anonymous_9)
FN:59,(anonymous_10)
FN:66,(anonymous_11)
FN:85,(anonymous_12)
FNF:6
FNH:6
FNDA:12,(anonymous_7)
FNDA:12,(anonymous_8)
FNDA:3,(anonymous_9)
FNDA:4,(anonymous_10)
FNDA:11,(anonymous_11)
FNDA:7,(anonymous_12)
DA:1,1
DA:2,1
DA:11,1
DA:26,1
DA:41,12
DA:42,12
DA:43,12
DA:46,12
DA:47,12
DA:50,12
DA:51,3
DA:54,12
DA:56,12
DA:59,12
DA:60,4
DA:61,3
DA:62,3
DA:66,12
DA:67,11
DA:85,12
DA:86,7
DA:87,1
DA:88,1
DA:90,6
DA:94,12
DA:113,1
LF:26
LH:26
BRDA:32,0,0,9
BRDA:42,1,0,1
BRDA:42,1,1,11
BRDA:47,2,0,12
BRDA:47,2,1,12
BRDA:51,3,0,0
BRDA:51,3,1,3
BRDA:60,4,0,1
BRDA:60,5,0,4
BRDA:60,5,1,3
BRDA:62,6,0,1
BRDA:62,6,1,2
BRDA:62,7,0,3
BRDA:62,7,1,3
BRDA:69,8,0,1
BRDA:69,8,1,10
BRDA:70,9,0,3
BRDA:70,9,1,8
BRDA:71,10,0,0
BRDA:71,10,1,3
BRDA:73,11,0,1
BRDA:73,11,1,10
BRDA:74,12,0,1
BRDA:74,12,1,10
BRDA:75,13,0,3
BRDA:75,13,1,8
BRDA:76,14,0,3
BRDA:76,14,1,8
BRDA:77,15,0,3
BRDA:77,15,1,3
BRDA:79,16,0,2
BRDA:79,16,1,9
BRDA:79,17,0,11
BRDA:79,17,1,10
BRDA:80,18,0,2
BRDA:80,18,1,9
BRDA:80,19,0,11
BRDA:80,19,1,10
BRDA:86,20,0,1
BRDA:86,20,1,6
BRDA:90,21,0,1
BRDA:90,21,1,5
BRDA:103,22,0,12
BRDA:103,22,1,3
BRDA:103,22,2,3
BRDA:105,23,0,2
BRDA:105,23,1,1
BRF:47
BRH:45
end_of_record
