TN:
SF:src\Button\button.tsx
FN:26,(anonymous_2)
FNF:1
FNH:1
FNDA:11,(anonymous_2)
DA:1,1
DA:2,1
DA:3,1
DA:26,1
DA:35,11
DA:36,11
DA:39,11
DA:46,11
DA:47,2
DA:59,9
DA:73,1
LF:11
LH:11
BRDA:29,0,0,9
BRDA:30,1,0,10
BRDA:31,2,0,9
BRDA:42,3,0,11
BRDA:42,3,1,2
BRDA:43,4,0,11
BRDA:43,4,1,9
BRDA:46,5,0,2
BRDA:46,6,0,11
BRDA:46,6,1,2
BRF:10
BRH:10
end_of_record
TN:
SF:src\Button\index.ts
FNF:0
FNH:0
DA:1,1
DA:4,1
LF:2
LH:2
BRF:0
BRH:0
end_of_record
TN:
SF:src\Switch\switch.tsx
FN:28,(anonymous_7)
FN:47,(anonymous_8)
FN:51,(anonymous_9)
FN:59,(anonymous_10)
FN:66,(anonymous_11)
FN:85,(anonymous_12)
FNF:6
FNH:6
FNDA:12,(anonymous_7)
FNDA:12,(anonymous_8)
FNDA:3,(anonymous_9)
FNDA:4,(anonymous_10)
FNDA:11,(anonymous_11)
FNDA:7,(anonymous_12)
DA:1,1
DA:2,1
DA:11,1
DA:27,1
DA:42,12
DA:43,12
DA:44,12
DA:47,12
DA:48,12
DA:51,12
DA:52,3
DA:55,12
DA:56,12
DA:59,12
DA:60,4
DA:61,3
DA:62,3
DA:66,12
DA:67,11
DA:85,12
DA:86,7
DA:87,1
DA:88,1
DA:90,6
DA:94,12
DA:115,1
LF:26
LH:26
BRDA:33,0,0,9
BRDA:43,1,0,1
BRDA:43,1,1,11
BRDA:48,2,0,12
BRDA:48,2,1,12
BRDA:52,3,0,0
BRDA:52,3,1,3
BRDA:60,4,0,1
BRDA:60,5,0,4
BRDA:60,5,1,3
BRDA:62,6,0,1
BRDA:62,6,1,2
BRDA:62,7,0,3
BRDA:62,7,1,3
BRDA:69,8,0,1
BRDA:69,8,1,10
BRDA:70,9,0,3
BRDA:70,9,1,8
BRDA:71,10,0,0
BRDA:71,10,1,3
BRDA:73,11,0,1
BRDA:73,11,1,10
BRDA:74,12,0,1
BRDA:74,12,1,10
BRDA:75,13,0,3
BRDA:75,13,1,8
BRDA:76,14,0,3
BRDA:76,14,1,8
BRDA:77,15,0,3
BRDA:77,15,1,3
BRDA:79,16,0,2
BRDA:79,16,1,9
BRDA:79,17,0,11
BRDA:79,17,1,10
BRDA:80,18,0,2
BRDA:80,18,1,9
BRDA:80,19,0,11
BRDA:80,19,1,10
BRDA:86,20,0,1
BRDA:86,20,1,6
BRDA:90,21,0,1
BRDA:90,21,1,5
BRDA:103,22,0,1
BRDA:103,22,1,11
BRDA:105,23,0,12
BRDA:105,23,1,3
BRDA:105,23,2,3
BRDA:107,24,0,2
BRDA:107,24,1,1
BRF:49
BRH:47
end_of_record
TN:
SF:src\Tabs\tabs.tsx
FN:29,(anonymous_7)
FN:41,(anonymous_8)
FN:55,(anonymous_9)
FN:62,(anonymous_10)
FN:72,(anonymous_11)
FNF:5
FNH:5
FNDA:10,(anonymous_7)
FNDA:3,(anonymous_8)
FNDA:30,(anonymous_9)
FNDA:3,(anonymous_10)
FNDA:30,(anonymous_11)
DA:1,1
DA:2,1
DA:9,1
DA:29,1
DA:37,10
DA:38,10
DA:39,10
DA:41,10
DA:46,3
DA:47,2
DA:48,2
DA:52,10
DA:56,30
DA:63,3
DA:73,30
DA:89,1
LF:16
LH:16
BRDA:33,0,0,8
BRDA:46,1,0,2
BRDA:48,2,0,1
BRDA:48,2,1,1
BRDA:48,3,0,2
BRDA:48,3,1,2
BRF:6
BRH:6
end_of_record
TN:
SF:src\Toast\toast.tsx
FN:36,(anonymous_7)
FN:44,(anonymous_8)
FN:46,(anonymous_9)
FN:48,(anonymous_10)
FN:54,(anonymous_11)
FN:65,(anonymous_12)
FN:80,(anonymous_13)
FN:94,(anonymous_14)
FN:108,(anonymous_15)
FN:122,(anonymous_16)
FNF:10
FNH:8
FNDA:24,(anonymous_7)
FNDA:11,(anonymous_8)
FNDA:2,(anonymous_9)
FNDA:2,(anonymous_10)
FNDA:0,(anonymous_11)
FNDA:0,(anonymous_12)
FNDA:5,(anonymous_13)
FNDA:2,(anonymous_14)
FNDA:2,(anonymous_15)
FNDA:2,(anonymous_16)
DA:1,1
DA:8,1
DA:9,1
DA:10,1
DA:11,1
DA:21,1
DA:32,1
DA:33,1
DA:34,1
DA:36,1
DA:42,24
DA:44,24
DA:45,11
DA:46,11
DA:47,2
DA:48,2
DA:49,2
DA:50,2
DA:54,11
DA:55,0
DA:59,24
DA:78,1
DA:81,5
DA:82,5
DA:84,5
DA:88,5
DA:89,5
DA:90,5
DA:95,2
DA:96,2
DA:98,2
DA:102,2
DA:103,2
DA:104,2
DA:109,2
DA:110,2
DA:112,2
DA:116,2
DA:117,2
DA:118,2
DA:123,2
DA:124,2
DA:126,2
DA:130,2
DA:131,2
DA:132,2
DA:137,1
LF:47
LH:46
BRDA:37,0,0,0
BRDA:40,1,0,2
BRDA:50,2,0,0
BRDA:50,2,1,2
BRDA:50,3,0,2
BRDA:50,3,1,2
BRDA:89,4,0,5
BRDA:103,5,0,2
BRDA:117,6,0,2
BRDA:131,7,0,2
BRF:10
BRH:8
end_of_record
